\BOOKMARK [0][-]{section*.2}{\376\377\006\101\006\107\006\061\006\063\006\052\000\040\006\052\006\065\006\047\006\110\006\314\006\061}{}% 1
\BOOKMARK [0][-]{chapter.1}{\376\377\006\176\006\107\006\176\006\047\006\057\000\040\006\057\006\063\006\052\006\314\006\047\006\061\000\040\006\042\006\052\006\064\006\106\006\064\006\047\006\106}{}% 2
\BOOKMARK [1][-]{section.1.1}{\376\377\006\105\006\102\006\057\006\105\006\107}{chapter.1}% 3
\BOOKMARK [1][-]{section.1.2}{\376\377\006\067\006\061\006\055\000\040\006\105\006\063\006\046\006\104\006\107}{chapter.1}% 4
\BOOKMARK [1][-]{section.1.3}{\376\377\006\105\006\057\006\104\000P\000E\000A\000S}{chapter.1}% 5
\BOOKMARK [2][-]{subsection.1.3.1}{\376\377\006\047\006\106\006\057\006\047\006\062\006\107\000\040\006\257\006\314\006\061\006\314\000\040\006\071\006\105\006\251\006\061\006\057}{section.1.3}% 6
\BOOKMARK [2][-]{subsection.1.3.2}{\376\377\006\105\006\055\006\314\006\067}{section.1.3}% 7
\BOOKMARK [2][-]{subsection.1.3.3}{\376\377\006\071\006\105\006\104\006\257\006\061}{section.1.3}% 8
\BOOKMARK [2][-]{subsection.1.3.4}{\376\377\006\055\006\063\006\257\006\061}{section.1.3}% 9
\BOOKMARK [1][-]{section.1.4}{\376\377\006\054\006\105\006\071\000\040\006\050\006\106\006\057\006\314}{chapter.1}% 10
\BOOKMARK [0][-]{chapter.2}{\376\377\006\105\006\071\006\047\006\105\006\104\006\107\000\040\006\257\006\061\000\040\006\056\006\110\006\057\006\251\006\047\006\061}{}% 11
\BOOKMARK [1][-]{section.2.1}{\376\377\006\105\006\102\006\057\006\105\006\107}{chapter.2}% 12
\BOOKMARK [1][-]{section.2.2}{\376\377\006\067\006\061\006\055\000\040\006\105\006\063\006\046\006\104\006\107}{chapter.2}% 13
\BOOKMARK [1][-]{section.2.3}{\376\377\006\105\006\057\006\104\000P\000E\000A\000S}{chapter.2}% 14
\BOOKMARK [2][-]{subsection.2.3.1}{\376\377\006\047\006\106\006\057\006\047\006\062\006\107\000\040\006\257\006\314\006\061\006\314\000\040\006\071\006\105\006\251\006\061\006\057}{section.2.3}% 15
\BOOKMARK [2][-]{subsection.2.3.2}{\376\377\006\105\006\055\006\314\006\067}{section.2.3}% 16
\BOOKMARK [2][-]{subsection.2.3.3}{\376\377\006\071\006\105\006\104\006\257\006\061}{section.2.3}% 17
\BOOKMARK [2][-]{subsection.2.3.4}{\376\377\006\055\006\063\006\257\006\061}{section.2.3}% 18
\BOOKMARK [1][-]{section.2.4}{\376\377\006\054\006\105\006\071\000\040\006\050\006\106\006\057\006\314}{chapter.2}% 19
\BOOKMARK [0][-]{chapter.3}{\376\377\006\176\006\314\006\064\006\106\006\107\006\047\006\057\000\040\006\057\006\107\006\106\006\057\006\107\000\040\006\251\006\047\006\104\006\047\000\040\006\110\006\056\006\057\006\105\006\047\006\052\000\040}{}% 20
\BOOKMARK [1][-]{section.3.1}{\376\377\006\105\006\102\006\057\006\105\006\107}{chapter.3}% 21
\BOOKMARK [1][-]{section.3.2}{\376\377\006\067\006\061\006\055\000\040\006\105\006\063\006\046\006\104\006\107}{chapter.3}% 22
\BOOKMARK [1][-]{section.3.3}{\376\377\006\105\006\057\006\104\000P\000E\000A\000S}{chapter.3}% 23
\BOOKMARK [2][-]{subsection.3.3.1}{\376\377\006\047\006\106\006\057\006\047\006\062\006\107\000\040\006\257\006\314\006\061\006\314\000\040\006\071\006\105\006\251\006\061\006\057}{section.3.3}% 24
\BOOKMARK [2][-]{subsection.3.3.2}{\376\377\006\105\006\055\006\314\006\067}{section.3.3}% 25
\BOOKMARK [2][-]{subsection.3.3.3}{\376\377\006\071\006\105\006\104\006\257\006\061}{section.3.3}% 26
\BOOKMARK [2][-]{subsection.3.3.4}{\376\377\006\055\006\063\006\257\006\061}{section.3.3}% 27
\BOOKMARK [1][-]{section.3.4}{\376\377\006\054\006\105\006\071\000\040\006\050\006\106\006\057\006\314}{chapter.3}% 28
\BOOKMARK [0][-]{chapter.4}{\376\377\006\054\006\105\006\071\000\040\006\050\006\106\006\057\006\314\000\040\006\110\000\040\006\106\006\052\006\314\006\054\006\107\000\040\006\257\006\314\006\061\006\314}{}% 29
\BOOKMARK [0][-]{appendix*.3}{\376\377\006\105\006\061\006\047\006\054\006\071}{}% 30
